<?xml version="1.0" encoding="UTF-8"?>
<robot generator="Robot 3.1.1 (Python 3.7.1 on win32)" generated="20190517 18:13:47.453" rpa="false">
    <suite id="s1" name="Testcases" source="D:\python项目\project\testcases">
        <suite id="s1-s1" name="D-空白数据" source="D:\python项目\project\testcases\d-空白数据">
            <suite id="s1-s1-s1" name="D-1班" source="D:\python项目\project\testcases\d-空白数据\d-1班">
                <kw name="Add School Class" library="pylib.SchoolClassLib" type="setup">
                    <arguments>
                        <arg>1</arg>
                        <arg>1班</arg>
                        <arg>60</arg>
                    </arguments>
                    <status status="PASS" starttime="20190517 18:13:47.565" endtime="20190517 18:13:47.614"></status>
                </kw>
                <suite id="s1-s1-s1-s1" name="班级管理" source="D:\python项目\project\testcases\d-空白数据\d-1班\班级管理.robot">
                    <test id="s1-s1-s1-s1-t1" name="添加班级2-tc000002">
                        <kw name="Add School Class" library="pylib.SchoolClassLib">
                            <arguments>
                                <arg>1</arg>
                                <arg>2班</arg>
                                <arg>60</arg>
                            </arguments>
                            <assign>
                                <var>${ret1}</var>
                            </assign>
                            <msg timestamp="20190517 18:13:47.714" level="INFO">${ret1} = {'invitecode':
                                '1389177998041', 'retcode': 0, 'id': 138917}
                            </msg>
                            <status status="PASS" starttime="20190517 18:13:47.623"
                                    endtime="20190517 18:13:47.714"></status>
                        </kw>
                        <kw name="Should Be True" library="BuiltIn">
                            <doc>Fails if the given condition is not true.</doc>
                            <arguments>
                                <arg>$ret1['retcode']==0</arg>
                            </arguments>
                            <status status="PASS" starttime="20190517 18:13:47.716"
                                    endtime="20190517 18:13:47.734"></status>
                        </kw>
                        <kw name="List School Class" library="pylib.SchoolClassLib">
                            <arguments>
                                <arg>1</arg>
                            </arguments>
                            <assign>
                                <var>${ret2}</var>
                            </assign>
                            <msg timestamp="20190517 18:13:47.813" level="INFO">${ret2} = {'gradeid': 1, 'retlist':
                                [{'name': '1班', 'grade__name': '七年级', 'invitecode': '1389166163473', 'studentlimit': 60,
                                'studentnumber': 0, 'id': 138916, 'teacherlist': []}, {'name': '2班', 'grade__name': '...
                            </msg>
                            <status status="PASS" starttime="20190517 18:13:47.735"
                                    endtime="20190517 18:13:47.813"></status>
                        </kw>
                        <kw name="Evaluate" library="BuiltIn">
                            <doc>Evaluates the given expression in Python and returns the results.</doc>
                            <arguments>
                                <arg>$ret2['retlist']</arg>
                            </arguments>
                            <assign>
                                <var>${fc}</var>
                            </assign>
                            <msg timestamp="20190517 18:13:47.815" level="INFO">${fc} = [{'name': '1班', 'grade__name':
                                '七年级', 'invitecode': '1389166163473', 'studentlimit': 60, 'studentnumber': 0, 'id':
                                138916, 'teacherlist': []}, {'name': '2班', 'grade__name': '七年级', 'invitecode': '13891...
                            </msg>
                            <status status="PASS" starttime="20190517 18:13:47.814"
                                    endtime="20190517 18:13:47.815"></status>
                        </kw>
                        <kw name="Classlist Should Contain" library="pylib.SchoolClassLib">
                            <arguments>
                                <arg>${fc}</arg>
                                <arg>2班</arg>
                                <arg>七年级</arg>
                                <arg>&amp;{ret1}[invitecode]</arg>
                                <arg>60</arg>
                                <arg>0</arg>
                                <arg>&amp;{ret1}[id]</arg>
                            </arguments>
                            <msg timestamp="20190517 18:13:47.816" level="INFO">{'name': '2班', 'grade__name': '七年级',
                                'invitecode': '1389177998041', 'studentlimit': 60, 'studentnumber': 0, 'id': 138917,
                                'teacherlist': []}
                            </msg>
                            <status status="PASS" starttime="20190517 18:13:47.816"
                                    endtime="20190517 18:13:47.816"></status>
                        </kw>
                        <kw name="Delete All School Classes" library="pylib.SchoolClassLib" type="teardown">
                            <msg timestamp="20190517 18:13:48.208" level="INFO">{'gradeid': 1, 'retcode': 0, 'retlist':
                                []}
                            </msg>
                            <status status="PASS" starttime="20190517 18:13:47.817"
                                    endtime="20190517 18:13:48.208"></status>
                        </kw>
                        <status status="PASS" starttime="20190517 18:13:47.619" endtime="20190517 18:13:48.209"
                                critical="yes"></status>
                    </test>
                    <status status="PASS" starttime="20190517 18:13:47.614" endtime="20190517 18:13:48.214"></status>
                </suite>
                <status status="PASS" starttime="20190517 18:13:47.487" endtime="20190517 18:13:48.228"></status>
            </suite>
            <status status="PASS" starttime="20190517 18:13:47.484" endtime="20190517 18:13:48.237"></status>
        </suite>
        <status status="PASS" starttime="20190517 18:13:47.454" endtime="20190517 18:13:48.240"></status>
    </suite>
    <statistics>
        <total>
            <stat pass="1" fail="0">Critical Tests</stat>
            <stat pass="1" fail="0">All Tests</stat>
        </total>
        <tag>
        </tag>
        <suite>
            <stat pass="1" fail="0" id="s1" name="Testcases">Testcases</stat>
            <stat pass="1" fail="0" id="s1-s1" name="D-空白数据">Testcases.D-空白数据</stat>
            <stat pass="1" fail="0" id="s1-s1-s1" name="D-1班">Testcases.D-空白数据.D-1班</stat>
            <stat pass="1" fail="0" id="s1-s1-s1-s1" name="班级管理">Testcases.D-空白数据.D-1班.班级管理</stat>
        </suite>
    </statistics>
    <errors>
    </errors>
</robot>
